Build started 2014-06-07 02:28:13.
     1>Project "c:\Users\Admin\documents\visual studio 2010\Projects\The Station\The Station\The Station.vcxproj" on node 2 (build target(s)).
     1>InitializeBuildStatus:
         Creating "Debug\The Station.unsuccessfulbuild" because "AlwaysCreate" was specified.
       ClCompile:
         C:\Program Files (x86)\Microsoft Visual Studio 10.0\VC\bin\CL.exe /c /I"D:\DWNLD\SFML-2.1-windows-vc10-32bits\SFML-2.1\include" /ZI /nologo /W3 /WX- /Od /Oy- /D SFML_STATIC /D WIN32 /D _DEBUG /D _WINDOWS /D _UNICODE /D UNICODE /Gm /EHsc /RTC1 /MDd /GS /fp:precise /Zc:wchar_t /Zc:forScope /Fo"Debug\\" /Fd"Debug\vc100.pdb" /Gd /TP /analyze- /errorReport:prompt ..\sfmltest\CMob.cpp ..\sfmltest\Room.cpp ..\sfmltest\Station.cpp ..\sfmltest\explosion.cpp ..\sfmltest\projectile.cpp ..\sfmltest\tile.cpp ..\sfmltest\tiledrop.cpp
         CMob.cpp
     1>c:\users\admin\documents\visual studio 2010\projects\the station\sfmltest\cmob.cpp(72): warning C4244: 'argument' : conversion from 'double' to 'float', possible loss of data
     1>c:\users\admin\documents\visual studio 2010\projects\the station\sfmltest\cmob.cpp(82): warning C4244: 'argument' : conversion from 'double' to 'float', possible loss of data
     1>c:\users\admin\documents\visual studio 2010\projects\the station\sfmltest\cmob.cpp(155): warning C4244: 'argument' : conversion from 'double' to 'float', possible loss of data
     1>c:\users\admin\documents\visual studio 2010\projects\the station\sfmltest\cmob.cpp(180): warning C4244: 'initializing' : conversion from 'double' to 'int', possible loss of data
     1>c:\users\admin\documents\visual studio 2010\projects\the station\sfmltest\cmob.cpp(181): warning C4244: 'initializing' : conversion from 'double' to 'int', possible loss of data
     1>c:\users\admin\documents\visual studio 2010\projects\the station\sfmltest\cmob.cpp(205): warning C4244: 'initializing' : conversion from 'double' to 'int', possible loss of data
     1>c:\users\admin\documents\visual studio 2010\projects\the station\sfmltest\cmob.cpp(206): warning C4244: 'initializing' : conversion from 'double' to 'int', possible loss of data
     1>c:\users\admin\documents\visual studio 2010\projects\the station\sfmltest\cmob.cpp(230): warning C4244: 'initializing' : conversion from 'double' to 'int', possible loss of data
     1>c:\users\admin\documents\visual studio 2010\projects\the station\sfmltest\cmob.cpp(231): warning C4244: 'initializing' : conversion from 'double' to 'int', possible loss of data
     1>c:\users\admin\documents\visual studio 2010\projects\the station\sfmltest\cmob.cpp(255): warning C4244: 'initializing' : conversion from 'double' to 'int', possible loss of data
     1>c:\users\admin\documents\visual studio 2010\projects\the station\sfmltest\cmob.cpp(256): warning C4244: 'initializing' : conversion from 'double' to 'int', possible loss of data
     1>c:\users\admin\documents\visual studio 2010\projects\the station\sfmltest\cmob.cpp(293): warning C4244: '=' : conversion from 'double' to 'int', possible loss of data
     1>c:\users\admin\documents\visual studio 2010\projects\the station\sfmltest\cmob.cpp(294): warning C4244: '=' : conversion from 'double' to 'int', possible loss of data
     1>c:\users\admin\documents\visual studio 2010\projects\the station\sfmltest\cmob.cpp(313): warning C4244: '=' : conversion from 'double' to 'int', possible loss of data
     1>c:\users\admin\documents\visual studio 2010\projects\the station\sfmltest\cmob.cpp(314): warning C4244: '=' : conversion from 'double' to 'int', possible loss of data
     1>c:\users\admin\documents\visual studio 2010\projects\the station\sfmltest\cmob.cpp(333): warning C4244: '=' : conversion from 'double' to 'int', possible loss of data
     1>c:\users\admin\documents\visual studio 2010\projects\the station\sfmltest\cmob.cpp(334): warning C4244: '=' : conversion from 'double' to 'int', possible loss of data
     1>c:\users\admin\documents\visual studio 2010\projects\the station\sfmltest\cmob.cpp(353): warning C4244: '=' : conversion from 'double' to 'int', possible loss of data
     1>c:\users\admin\documents\visual studio 2010\projects\the station\sfmltest\cmob.cpp(354): warning C4244: '=' : conversion from 'double' to 'int', possible loss of data
     1>c:\users\admin\documents\visual studio 2010\projects\the station\sfmltest\cmob.cpp(390): warning C4244: 'initializing' : conversion from 'double' to 'int', possible loss of data
     1>c:\users\admin\documents\visual studio 2010\projects\the station\sfmltest\cmob.cpp(391): warning C4244: 'initializing' : conversion from 'double' to 'int', possible loss of data
     1>c:\users\admin\documents\visual studio 2010\projects\the station\sfmltest\cmob.cpp(727): warning C4244: 'argument' : conversion from 'double' to 'int', possible loss of data
     1>c:\users\admin\documents\visual studio 2010\projects\the station\sfmltest\cmob.cpp(727): warning C4244: 'argument' : conversion from 'double' to 'int', possible loss of data
     1>c:\users\admin\documents\visual studio 2010\projects\the station\sfmltest\cmob.cpp(728): warning C4244: 'argument' : conversion from 'double' to 'int', possible loss of data
     1>c:\users\admin\documents\visual studio 2010\projects\the station\sfmltest\cmob.cpp(729): warning C4244: 'argument' : conversion from 'double' to 'int', possible loss of data
     1>c:\users\admin\documents\visual studio 2010\projects\the station\sfmltest\cmob.cpp(864): warning C4018: '>' : signed/unsigned mismatch
         Generating Code...
         Compiling...
         tiledrop.cpp
     1>c:\users\admin\documents\visual studio 2010\projects\the station\sfmltest\tiledrop.cpp(6): warning C4244: 'argument' : conversion from 'int' to 'float', possible loss of data
     1>c:\users\admin\documents\visual studio 2010\projects\the station\sfmltest\tiledrop.cpp(6): warning C4244: 'argument' : conversion from 'int' to 'float', possible loss of data
         tile.cpp
         projectile.cpp
     1>c:\users\admin\documents\visual studio 2010\projects\the station\sfmltest\projectile.cpp(40): warning C4244: 'initializing' : conversion from 'double' to 'int', possible loss of data
     1>c:\users\admin\documents\visual studio 2010\projects\the station\sfmltest\projectile.cpp(41): warning C4244: 'initializing' : conversion from 'double' to 'int', possible loss of data
         explosion.cpp
     1>c:\users\admin\documents\visual studio 2010\projects\the station\sfmltest\explosion.cpp(6): warning C4244: 'argument' : conversion from 'int' to 'float', possible loss of data
     1>c:\users\admin\documents\visual studio 2010\projects\the station\sfmltest\explosion.cpp(6): warning C4244: 'argument' : conversion from 'int' to 'float', possible loss of data
     1>c:\users\admin\documents\visual studio 2010\projects\the station\sfmltest\explosion.cpp(14): warning C4244: 'argument' : conversion from 'int' to 'float', possible loss of data
     1>c:\users\admin\documents\visual studio 2010\projects\the station\sfmltest\explosion.cpp(14): warning C4244: 'argument' : conversion from 'int' to 'float', possible loss of data
         Station.cpp
     1>c:\users\admin\documents\visual studio 2010\projects\the station\sfmltest\station.cpp(125): warning C4244: 'argument' : conversion from 'int' to 'float', possible loss of data
     1>c:\users\admin\documents\visual studio 2010\projects\the station\sfmltest\station.cpp(125): warning C4244: 'argument' : conversion from 'int' to 'float', possible loss of data
     1>c:\users\admin\documents\visual studio 2010\projects\the station\sfmltest\station.cpp(140): warning C4244: 'argument' : conversion from 'int' to 'float', possible loss of data
     1>c:\users\admin\documents\visual studio 2010\projects\the station\sfmltest\station.cpp(140): warning C4244: 'argument' : conversion from 'int' to 'float', possible loss of data
     1>c:\users\admin\documents\visual studio 2010\projects\the station\sfmltest\station.cpp(148): warning C4244: 'argument' : conversion from 'int' to 'float', possible loss of data
     1>c:\users\admin\documents\visual studio 2010\projects\the station\sfmltest\station.cpp(148): warning C4244: 'argument' : conversion from 'int' to 'float', possible loss of data
     1>c:\users\admin\documents\visual studio 2010\projects\the station\sfmltest\station.cpp(203): warning C4244: 'argument' : conversion from 'int' to 'float', possible loss of data
     1>c:\users\admin\documents\visual studio 2010\projects\the station\sfmltest\station.cpp(203): warning C4244: 'argument' : conversion from 'int' to 'float', possible loss of data
     1>c:\users\admin\documents\visual studio 2010\projects\the station\sfmltest\station.cpp(254): warning C4018: '<' : signed/unsigned mismatch
     1>c:\users\admin\documents\visual studio 2010\projects\the station\sfmltest\station.cpp(266): warning C4244: 'argument' : conversion from 'const float' to 'int', possible loss of data
     1>c:\users\admin\documents\visual studio 2010\projects\the station\sfmltest\station.cpp(266): warning C4244: 'argument' : conversion from 'const float' to 'int', possible loss of data
     1>c:\users\admin\documents\visual studio 2010\projects\the station\sfmltest\station.cpp(276): warning C4244: 'argument' : conversion from 'int' to 'float', possible loss of data
     1>c:\users\admin\documents\visual studio 2010\projects\the station\sfmltest\station.cpp(276): warning C4244: 'argument' : conversion from 'int' to 'float', possible loss of data
     1>c:\users\admin\documents\visual studio 2010\projects\the station\sfmltest\station.cpp(284): warning C4244: 'argument' : conversion from 'int' to 'float', possible loss of data
     1>c:\users\admin\documents\visual studio 2010\projects\the station\sfmltest\station.cpp(284): warning C4244: 'argument' : conversion from 'int' to 'float', possible loss of data
     1>c:\users\admin\documents\visual studio 2010\projects\the station\sfmltest\station.cpp(291): warning C4244: 'argument' : conversion from 'int' to 'float', possible loss of data
     1>c:\users\admin\documents\visual studio 2010\projects\the station\sfmltest\station.cpp(291): warning C4244: 'argument' : conversion from 'int' to 'float', possible loss of data
     1>c:\users\admin\documents\visual studio 2010\projects\the station\sfmltest\station.cpp(292): warning C4244: 'argument' : conversion from 'int' to 'float', possible loss of data
     1>c:\users\admin\documents\visual studio 2010\projects\the station\sfmltest\station.cpp(292): warning C4244: 'argument' : conversion from 'int' to 'float', possible loss of data
     1>c:\users\admin\documents\visual studio 2010\projects\the station\sfmltest\station.cpp(293): warning C4244: 'argument' : conversion from 'int' to 'float', possible loss of data
     1>c:\users\admin\documents\visual studio 2010\projects\the station\sfmltest\station.cpp(293): warning C4244: 'argument' : conversion from 'int' to 'float', possible loss of data
     1>c:\users\admin\documents\visual studio 2010\projects\the station\sfmltest\station.cpp(311): warning C4244: 'argument' : conversion from 'int' to 'float', possible loss of data
     1>c:\users\admin\documents\visual studio 2010\projects\the station\sfmltest\station.cpp(311): warning C4244: 'argument' : conversion from 'int' to 'float', possible loss of data
     1>c:\users\admin\documents\visual studio 2010\projects\the station\sfmltest\station.cpp(332): warning C4244: 'argument' : conversion from 'const float' to 'int', possible loss of data
     1>c:\users\admin\documents\visual studio 2010\projects\the station\sfmltest\station.cpp(332): warning C4244: 'argument' : conversion from 'const float' to 'int', possible loss of data
     1>c:\users\admin\documents\visual studio 2010\projects\the station\sfmltest\station.cpp(343): warning C4244: 'argument' : conversion from 'int' to 'float', possible loss of data
     1>c:\users\admin\documents\visual studio 2010\projects\the station\sfmltest\station.cpp(343): warning C4244: 'argument' : conversion from 'int' to 'float', possible loss of data
     1>c:\users\admin\documents\visual studio 2010\projects\the station\sfmltest\station.cpp(351): warning C4244: 'argument' : conversion from 'int' to 'float', possible loss of data
     1>c:\users\admin\documents\visual studio 2010\projects\the station\sfmltest\station.cpp(351): warning C4244: 'argument' : conversion from 'int' to 'float', possible loss of data
     1>c:\users\admin\documents\visual studio 2010\projects\the station\sfmltest\station.cpp(358): warning C4244: 'argument' : conversion from 'int' to 'float', possible loss of data
     1>c:\users\admin\documents\visual studio 2010\projects\the station\sfmltest\station.cpp(358): warning C4244: 'argument' : conversion from 'int' to 'float', possible loss of data
     1>c:\users\admin\documents\visual studio 2010\projects\the station\sfmltest\station.cpp(359): warning C4244: 'argument' : conversion from 'int' to 'float', possible loss of data
     1>c:\users\admin\documents\visual studio 2010\projects\the station\sfmltest\station.cpp(359): warning C4244: 'argument' : conversion from 'int' to 'float', possible loss of data
     1>c:\users\admin\documents\visual studio 2010\projects\the station\sfmltest\station.cpp(360): warning C4244: 'argument' : conversion from 'int' to 'float', possible loss of data
     1>c:\users\admin\documents\visual studio 2010\projects\the station\sfmltest\station.cpp(360): warning C4244: 'argument' : conversion from 'int' to 'float', possible loss of data
     1>c:\users\admin\documents\visual studio 2010\projects\the station\sfmltest\station.cpp(378): warning C4244: 'argument' : conversion from 'int' to 'float', possible loss of data
     1>c:\users\admin\documents\visual studio 2010\projects\the station\sfmltest\station.cpp(378): warning C4244: 'argument' : conversion from 'int' to 'float', possible loss of data
     1>c:\users\admin\documents\visual studio 2010\projects\the station\sfmltest\station.cpp(400): warning C4244: 'argument' : conversion from 'const float' to 'int', possible loss of data
     1>c:\users\admin\documents\visual studio 2010\projects\the station\sfmltest\station.cpp(400): warning C4244: 'argument' : conversion from 'const float' to 'int', possible loss of data
     1>c:\users\admin\documents\visual studio 2010\projects\the station\sfmltest\station.cpp(411): warning C4244: 'argument' : conversion from 'int' to 'float', possible loss of data
     1>c:\users\admin\documents\visual studio 2010\projects\the station\sfmltest\station.cpp(411): warning C4244: 'argument' : conversion from 'int' to 'float', possible loss of data
     1>c:\users\admin\documents\visual studio 2010\projects\the station\sfmltest\station.cpp(419): warning C4244: 'argument' : conversion from 'int' to 'float', possible loss of data
     1>c:\users\admin\documents\visual studio 2010\projects\the station\sfmltest\station.cpp(419): warning C4244: 'argument' : conversion from 'int' to 'float', possible loss of data
     1>c:\users\admin\documents\visual studio 2010\projects\the station\sfmltest\station.cpp(426): warning C4244: 'argument' : conversion from 'int' to 'float', possible loss of data
     1>c:\users\admin\documents\visual studio 2010\projects\the station\sfmltest\station.cpp(426): warning C4244: 'argument' : conversion from 'int' to 'float', possible loss of data
     1>c:\users\admin\documents\visual studio 2010\projects\the station\sfmltest\station.cpp(427): warning C4244: 'argument' : conversion from 'int' to 'float', possible loss of data
     1>c:\users\admin\documents\visual studio 2010\projects\the station\sfmltest\station.cpp(427): warning C4244: 'argument' : conversion from 'int' to 'float', possible loss of data
     1>c:\users\admin\documents\visual studio 2010\projects\the station\sfmltest\station.cpp(428): warning C4244: 'argument' : conversion from 'int' to 'float', possible loss of data
     1>c:\users\admin\documents\visual studio 2010\projects\the station\sfmltest\station.cpp(428): warning C4244: 'argument' : conversion from 'int' to 'float', possible loss of data
     1>c:\users\admin\documents\visual studio 2010\projects\the station\sfmltest\station.cpp(446): warning C4244: 'argument' : conversion from 'int' to 'float', possible loss of data
     1>c:\users\admin\documents\visual studio 2010\projects\the station\sfmltest\station.cpp(446): warning C4244: 'argument' : conversion from 'int' to 'float', possible loss of data
     1>c:\users\admin\documents\visual studio 2010\projects\the station\sfmltest\station.cpp(468): warning C4244: 'argument' : conversion from 'const float' to 'int', possible loss of data
     1>c:\users\admin\documents\visual studio 2010\projects\the station\sfmltest\station.cpp(468): warning C4244: 'argument' : conversion from 'const float' to 'int', possible loss of data
     1>c:\users\admin\documents\visual studio 2010\projects\the station\sfmltest\station.cpp(479): warning C4244: 'argument' : conversion from 'int' to 'float', possible loss of data
     1>c:\users\admin\documents\visual studio 2010\projects\the station\sfmltest\station.cpp(479): warning C4244: 'argument' : conversion from 'int' to 'float', possible loss of data
     1>c:\users\admin\documents\visual studio 2010\projects\the station\sfmltest\station.cpp(487): warning C4244: 'argument' : conversion from 'int' to 'float', possible loss of data
     1>c:\users\admin\documents\visual studio 2010\projects\the station\sfmltest\station.cpp(487): warning C4244: 'argument' : conversion from 'int' to 'float', possible loss of data
     1>c:\users\admin\documents\visual studio 2010\projects\the station\sfmltest\station.cpp(494): warning C4244: 'argument' : conversion from 'int' to 'float', possible loss of data
     1>c:\users\admin\documents\visual studio 2010\projects\the station\sfmltest\station.cpp(494): warning C4244: 'argument' : conversion from 'int' to 'float', possible loss of data
     1>c:\users\admin\documents\visual studio 2010\projects\the station\sfmltest\station.cpp(495): warning C4244: 'argument' : conversion from 'int' to 'float', possible loss of data
     1>c:\users\admin\documents\visual studio 2010\projects\the station\sfmltest\station.cpp(495): warning C4244: 'argument' : conversion from 'int' to 'float', possible loss of data
     1>c:\users\admin\documents\visual studio 2010\projects\the station\sfmltest\station.cpp(496): warning C4244: 'argument' : conversion from 'int' to 'float', possible loss of data
     1>c:\users\admin\documents\visual studio 2010\projects\the station\sfmltest\station.cpp(496): warning C4244: 'argument' : conversion from 'int' to 'float', possible loss of data
     1>c:\users\admin\documents\visual studio 2010\projects\the station\sfmltest\station.cpp(514): warning C4244: 'argument' : conversion from 'int' to 'float', possible loss of data
     1>c:\users\admin\documents\visual studio 2010\projects\the station\sfmltest\station.cpp(514): warning C4244: 'argument' : conversion from 'int' to 'float', possible loss of data
     1>c:\users\admin\documents\visual studio 2010\projects\the station\sfmltest\station.cpp(535): warning C4244: 'argument' : conversion from 'const float' to 'int', possible loss of data
     1>c:\users\admin\documents\visual studio 2010\projects\the station\sfmltest\station.cpp(535): warning C4244: 'argument' : conversion from 'const float' to 'int', possible loss of data
     1>c:\users\admin\documents\visual studio 2010\projects\the station\sfmltest\station.cpp(546): warning C4244: 'argument' : conversion from 'int' to 'float', possible loss of data
     1>c:\users\admin\documents\visual studio 2010\projects\the station\sfmltest\station.cpp(546): warning C4244: 'argument' : conversion from 'int' to 'float', possible loss of data
     1>c:\users\admin\documents\visual studio 2010\projects\the station\sfmltest\station.cpp(554): warning C4244: 'argument' : conversion from 'int' to 'float', possible loss of data
     1>c:\users\admin\documents\visual studio 2010\projects\the station\sfmltest\station.cpp(554): warning C4244: 'argument' : conversion from 'int' to 'float', possible loss of data
     1>c:\users\admin\documents\visual studio 2010\projects\the station\sfmltest\station.cpp(561): warning C4244: 'argument' : conversion from 'int' to 'float', possible loss of data
     1>c:\users\admin\documents\visual studio 2010\projects\the station\sfmltest\station.cpp(561): warning C4244: 'argument' : conversion from 'int' to 'float', possible loss of data
     1>c:\users\admin\documents\visual studio 2010\projects\the station\sfmltest\station.cpp(562): warning C4244: 'argument' : conversion from 'int' to 'float', possible loss of data
     1>c:\users\admin\documents\visual studio 2010\projects\the station\sfmltest\station.cpp(562): warning C4244: 'argument' : conversion from 'int' to 'float', possible loss of data
     1>c:\users\admin\documents\visual studio 2010\projects\the station\sfmltest\station.cpp(563): warning C4244: 'argument' : conversion from 'int' to 'float', possible loss of data
     1>c:\users\admin\documents\visual studio 2010\projects\the station\sfmltest\station.cpp(563): warning C4244: 'argument' : conversion from 'int' to 'float', possible loss of data
     1>c:\users\admin\documents\visual studio 2010\projects\the station\sfmltest\station.cpp(581): warning C4244: 'argument' : conversion from 'int' to 'float', possible loss of data
     1>c:\users\admin\documents\visual studio 2010\projects\the station\sfmltest\station.cpp(581): warning C4244: 'argument' : conversion from 'int' to 'float', possible loss of data
     1>c:\users\admin\documents\visual studio 2010\projects\the station\sfmltest\station.cpp(602): warning C4244: 'argument' : conversion from 'const float' to 'int', possible loss of data
     1>c:\users\admin\documents\visual studio 2010\projects\the station\sfmltest\station.cpp(602): warning C4244: 'argument' : conversion from 'const float' to 'int', possible loss of data
     1>c:\users\admin\documents\visual studio 2010\projects\the station\sfmltest\station.cpp(612): warning C4244: 'argument' : conversion from 'int' to 'float', possible loss of data
     1>c:\users\admin\documents\visual studio 2010\projects\the station\sfmltest\station.cpp(612): warning C4244: 'argument' : conversion from 'int' to 'float', possible loss of data
     1>c:\users\admin\documents\visual studio 2010\projects\the station\sfmltest\station.cpp(620): warning C4244: 'argument' : conversion from 'int' to 'float', possible loss of data
     1>c:\users\admin\documents\visual studio 2010\projects\the station\sfmltest\station.cpp(620): warning C4244: 'argument' : conversion from 'int' to 'float', possible loss of data
     1>c:\users\admin\documents\visual studio 2010\projects\the station\sfmltest\station.cpp(622): warning C4244: 'argument' : conversion from 'int' to 'float', possible loss of data
     1>c:\users\admin\documents\visual studio 2010\projects\the station\sfmltest\station.cpp(622): warning C4244: 'argument' : conversion from 'int' to 'float', possible loss of data
     1>c:\users\admin\documents\visual studio 2010\projects\the station\sfmltest\station.cpp(623): warning C4244: 'argument' : conversion from 'int' to 'float', possible loss of data
     1>c:\users\admin\documents\visual studio 2010\projects\the station\sfmltest\station.cpp(623): warning C4244: 'argument' : conversion from 'int' to 'float', possible loss of data
     1>c:\users\admin\documents\visual studio 2010\projects\the station\sfmltest\station.cpp(624): warning C4244: 'argument' : conversion from 'int' to 'float', possible loss of data
     1>c:\users\admin\documents\visual studio 2010\projects\the station\sfmltest\station.cpp(624): warning C4244: 'argument' : conversion from 'int' to 'float', possible loss of data
     1>c:\users\admin\documents\visual studio 2010\projects\the station\sfmltest\station.cpp(642): warning C4244: 'argument' : conversion from 'int' to 'float', possible loss of data
     1>c:\users\admin\documents\visual studio 2010\projects\the station\sfmltest\station.cpp(642): warning C4244: 'argument' : conversion from 'int' to 'float', possible loss of data
     1>c:\users\admin\documents\visual studio 2010\projects\the station\sfmltest\station.cpp(716): warning C4244: 'argument' : conversion from 'int' to 'float', possible loss of data
     1>c:\users\admin\documents\visual studio 2010\projects\the station\sfmltest\station.cpp(716): warning C4244: 'argument' : conversion from 'int' to 'float', possible loss of data
     1>c:\users\admin\documents\visual studio 2010\projects\the station\sfmltest\station.cpp(805): warning C4244: 'argument' : conversion from 'int' to 'float', possible loss of data
     1>c:\users\admin\documents\visual studio 2010\projects\the station\sfmltest\station.cpp(805): warning C4244: 'argument' : conversion from 'int' to 'float', possible loss of data
     1>c:\users\admin\documents\visual studio 2010\projects\the station\sfmltest\station.cpp(806): warning C4244: 'argument' : conversion from 'int' to 'float', possible loss of data
     1>c:\users\admin\documents\visual studio 2010\projects\the station\sfmltest\station.cpp(806): warning C4244: 'argument' : conversion from 'int' to 'float', possible loss of data
     1>c:\users\admin\documents\visual studio 2010\projects\the station\sfmltest\station.cpp(807): warning C4244: 'argument' : conversion from 'int' to 'float', possible loss of data
     1>c:\users\admin\documents\visual studio 2010\projects\the station\sfmltest\station.cpp(807): warning C4244: 'argument' : conversion from 'int' to 'float', possible loss of data
     1>c:\users\admin\documents\visual studio 2010\projects\the station\sfmltest\station.cpp(916): warning C4244: 'argument' : conversion from 'int' to 'float', possible loss of data
     1>c:\users\admin\documents\visual studio 2010\projects\the station\sfmltest\station.cpp(916): warning C4244: 'argument' : conversion from 'int' to 'float', possible loss of data
     1>c:\users\admin\documents\visual studio 2010\projects\the station\sfmltest\station.cpp(917): warning C4244: 'argument' : conversion from 'int' to 'float', possible loss of data
     1>c:\users\admin\documents\visual studio 2010\projects\the station\sfmltest\station.cpp(917): warning C4244: 'argument' : conversion from 'int' to 'float', possible loss of data
     1>c:\users\admin\documents\visual studio 2010\projects\the station\sfmltest\station.cpp(918): warning C4244: 'argument' : conversion from 'int' to 'float', possible loss of data
     1>c:\users\admin\documents\visual studio 2010\projects\the station\sfmltest\station.cpp(918): warning C4244: 'argument' : conversion from 'int' to 'float', possible loss of data
     1>c:\users\admin\documents\visual studio 2010\projects\the station\sfmltest\station.cpp(928): warning C4244: 'argument' : conversion from 'double' to 'float', possible loss of data
     1>c:\users\admin\documents\visual studio 2010\projects\the station\sfmltest\station.cpp(928): warning C4244: 'argument' : conversion from 'double' to 'float', possible loss of data
     1>c:\users\admin\documents\visual studio 2010\projects\the station\sfmltest\station.cpp(929): warning C4244: 'argument' : conversion from 'double' to 'float', possible loss of data
     1>c:\users\admin\documents\visual studio 2010\projects\the station\sfmltest\station.cpp(929): warning C4244: 'argument' : conversion from 'double' to 'float', possible loss of data
     1>c:\users\admin\documents\visual studio 2010\projects\the station\sfmltest\station.cpp(930): warning C4244: 'argument' : conversion from 'double' to 'float', possible loss of data
     1>c:\users\admin\documents\visual studio 2010\projects\the station\sfmltest\station.cpp(930): warning C4244: 'argument' : conversion from 'double' to 'float', possible loss of data
     1>c:\users\admin\documents\visual studio 2010\projects\the station\sfmltest\station.cpp(1031): warning C4244: 'argument' : conversion from 'int' to 'float', possible loss of data
     1>c:\users\admin\documents\visual studio 2010\projects\the station\sfmltest\station.cpp(1031): warning C4244: 'argument' : conversion from 'int' to 'float', possible loss of data
     1>c:\users\admin\documents\visual studio 2010\projects\the station\sfmltest\station.cpp(1032): warning C4244: 'argument' : conversion from 'int' to 'float', possible loss of data
     1>c:\users\admin\documents\visual studio 2010\projects\the station\sfmltest\station.cpp(1032): warning C4244: 'argument' : conversion from 'int' to 'float', possible loss of data
     1>c:\users\admin\documents\visual studio 2010\projects\the station\sfmltest\station.cpp(1033): warning C4244: 'argument' : conversion from 'int' to 'float', possible loss of data
     1>c:\users\admin\documents\visual studio 2010\projects\the station\sfmltest\station.cpp(1033): warning C4244: 'argument' : conversion from 'int' to 'float', possible loss of data
         Room.cpp
     1>c:\users\admin\documents\visual studio 2010\projects\the station\sfmltest\room.cpp(73): warning C4244: 'argument' : conversion from 'unsigned int' to 'float', possible loss of data
     1>c:\users\admin\documents\visual studio 2010\projects\the station\sfmltest\room.cpp(80): warning C4244: 'argument' : conversion from 'unsigned int' to 'float', possible loss of data
     1>c:\users\admin\documents\visual studio 2010\projects\the station\sfmltest\room.cpp(87): warning C4244: 'argument' : conversion from 'unsigned int' to 'float', possible loss of data
     1>c:\users\admin\documents\visual studio 2010\projects\the station\sfmltest\room.cpp(87): warning C4244: 'argument' : conversion from 'unsigned int' to 'float', possible loss of data
     1>c:\users\admin\documents\visual studio 2010\projects\the station\sfmltest\room.cpp(110): warning C4018: '<' : signed/unsigned mismatch
     1>c:\users\admin\documents\visual studio 2010\projects\the station\sfmltest\room.cpp(137): warning C4244: 'argument' : conversion from 'double' to 'int', possible loss of data
     1>c:\users\admin\documents\visual studio 2010\projects\the station\sfmltest\room.cpp(137): warning C4244: 'argument' : conversion from 'double' to 'int', possible loss of data
         Generating Code...
         C:\Program Files (x86)\Microsoft Visual Studio 10.0\VC\bin\CL.exe /c /I"D:\DWNLD\SFML-2.1-windows-vc10-32bits\SFML-2.1\include" /ZI /nologo /W3 /WX- /Od /Oy- /D SFML_STATIC /D WIN32 /D _DEBUG /D _WINDOWS /D SFML_STATIC /D WIN32 /D _DEBUG /D _WINDOWS /D _UNICODE /D UNICODE /Gm /EHsc /RTC1 /MDd /GS /fp:precise /Zc:wchar_t /Zc:forScope /Fo"Debug\\" /Fd"Debug\vc100.pdb" /Gd /TP /analyze- /errorReport:prompt ..\main.cpp
         main.cpp
     1>c:\users\admin\documents\visual studio 2010\projects\the station\main.cpp(173): warning C4244: 'argument' : conversion from 'time_t' to 'unsigned int', possible loss of data
     1>c:\users\admin\documents\visual studio 2010\projects\the station\main.cpp(269): warning C4244: 'argument' : conversion from 'unsigned int' to 'float', possible loss of data
     1>c:\users\admin\documents\visual studio 2010\projects\the station\main.cpp(269): warning C4244: 'argument' : conversion from 'unsigned int' to 'float', possible loss of data
     1>c:\users\admin\documents\visual studio 2010\projects\the station\main.cpp(274): warning C4244: 'argument' : conversion from 'double' to 'float', possible loss of data
     1>c:\users\admin\documents\visual studio 2010\projects\the station\main.cpp(274): warning C4244: 'argument' : conversion from 'double' to 'float', possible loss of data
     1>c:\users\admin\documents\visual studio 2010\projects\the station\main.cpp(275): warning C4244: 'argument' : conversion from 'double' to 'float', possible loss of data
     1>c:\users\admin\documents\visual studio 2010\projects\the station\main.cpp(275): warning C4244: 'argument' : conversion from 'double' to 'float', possible loss of data
     1>c:\users\admin\documents\visual studio 2010\projects\the station\main.cpp(306): warning C4244: 'argument' : conversion from 'unsigned int' to 'float', possible loss of data
     1>c:\users\admin\documents\visual studio 2010\projects\the station\main.cpp(306): warning C4244: 'argument' : conversion from 'unsigned int' to 'float', possible loss of data
     1>c:\users\admin\documents\visual studio 2010\projects\the station\main.cpp(318): warning C4244: 'argument' : conversion from 'int' to 'float', possible loss of data
     1>c:\users\admin\documents\visual studio 2010\projects\the station\main.cpp(318): warning C4244: 'argument' : conversion from 'int' to 'float', possible loss of data
     1>c:\users\admin\documents\visual studio 2010\projects\the station\main.cpp(330): warning C4244: 'argument' : conversion from 'int' to 'float', possible loss of data
     1>c:\users\admin\documents\visual studio 2010\projects\the station\main.cpp(332): warning C4244: 'argument' : conversion from 'int' to 'float', possible loss of data
     1>c:\users\admin\documents\visual studio 2010\projects\the station\main.cpp(332): warning C4244: 'argument' : conversion from 'int' to 'float', possible loss of data
     1>c:\users\admin\documents\visual studio 2010\projects\the station\main.cpp(502): warning C4244: 'argument' : conversion from 'double' to 'unsigned int', possible loss of data
     1>c:\users\admin\documents\visual studio 2010\projects\the station\main.cpp(502): warning C4244: 'argument' : conversion from 'double' to 'unsigned int', possible loss of data
     1>c:\users\admin\documents\visual studio 2010\projects\the station\main.cpp(511): warning C4244: 'argument' : conversion from 'double' to 'unsigned int', possible loss of data
     1>c:\users\admin\documents\visual studio 2010\projects\the station\main.cpp(511): warning C4244: 'argument' : conversion from 'double' to 'unsigned int', possible loss of data
     1>c:\users\admin\documents\visual studio 2010\projects\the station\main.cpp(520): warning C4244: 'argument' : conversion from 'double' to 'unsigned int', possible loss of data
     1>c:\users\admin\documents\visual studio 2010\projects\the station\main.cpp(520): warning C4244: 'argument' : conversion from 'double' to 'unsigned int', possible loss of data
     1>c:\users\admin\documents\visual studio 2010\projects\the station\main.cpp(529): warning C4244: 'argument' : conversion from 'double' to 'unsigned int', possible loss of data
     1>c:\users\admin\documents\visual studio 2010\projects\the station\main.cpp(529): warning C4244: 'argument' : conversion from 'double' to 'unsigned int', possible loss of data
     1>c:\users\admin\documents\visual studio 2010\projects\the station\main.cpp(593): warning C4244: 'argument' : conversion from 'double' to 'int', possible loss of data
     1>c:\users\admin\documents\visual studio 2010\projects\the station\main.cpp(593): warning C4244: 'argument' : conversion from 'double' to 'int', possible loss of data
     1>c:\users\admin\documents\visual studio 2010\projects\the station\main.cpp(598): warning C4244: 'argument' : conversion from 'double' to 'float', possible loss of data
     1>c:\users\admin\documents\visual studio 2010\projects\the station\main.cpp(598): warning C4244: 'argument' : conversion from 'double' to 'float', possible loss of data
     1>c:\users\admin\documents\visual studio 2010\projects\the station\main.cpp(611): warning C4244: 'argument' : conversion from 'double' to 'float', possible loss of data
     1>c:\users\admin\documents\visual studio 2010\projects\the station\main.cpp(611): warning C4244: 'argument' : conversion from 'double' to 'float', possible loss of data
     1>c:\users\admin\documents\visual studio 2010\projects\the station\main.cpp(631): warning C4244: 'argument' : conversion from 'double' to 'int', possible loss of data
     1>c:\users\admin\documents\visual studio 2010\projects\the station\main.cpp(631): warning C4244: 'argument' : conversion from 'double' to 'int', possible loss of data
     1>c:\users\admin\documents\visual studio 2010\projects\the station\main.cpp(645): warning C4244: 'argument' : conversion from 'double' to 'float', possible loss of data
     1>c:\users\admin\documents\visual studio 2010\projects\the station\main.cpp(645): warning C4244: 'argument' : conversion from 'double' to 'float', possible loss of data
     1>c:\users\admin\documents\visual studio 2010\projects\the station\main.cpp(655): warning C4244: 'argument' : conversion from 'double' to 'float', possible loss of data
     1>c:\users\admin\documents\visual studio 2010\projects\the station\main.cpp(655): warning C4244: 'argument' : conversion from 'double' to 'float', possible loss of data
     1>c:\users\admin\documents\visual studio 2010\projects\the station\main.cpp(666): warning C4244: 'argument' : conversion from 'double' to 'float', possible loss of data
     1>c:\users\admin\documents\visual studio 2010\projects\the station\main.cpp(666): warning C4244: 'argument' : conversion from 'double' to 'float', possible loss of data
     1>c:\users\admin\documents\visual studio 2010\projects\the station\main.cpp(676): warning C4244: 'argument' : conversion from 'double' to 'float', possible loss of data
     1>c:\users\admin\documents\visual studio 2010\projects\the station\main.cpp(676): warning C4244: 'argument' : conversion from 'double' to 'float', possible loss of data
     1>c:\users\admin\documents\visual studio 2010\projects\the station\main.cpp(681): warning C4244: 'argument' : conversion from 'double' to 'int', possible loss of data
     1>c:\users\admin\documents\visual studio 2010\projects\the station\main.cpp(681): warning C4244: 'argument' : conversion from 'double' to 'int', possible loss of data
     1>c:\users\admin\documents\visual studio 2010\projects\the station\main.cpp(717): warning C4244: 'argument' : conversion from 'double' to 'int', possible loss of data
     1>c:\users\admin\documents\visual studio 2010\projects\the station\main.cpp(717): warning C4244: 'argument' : conversion from 'double' to 'int', possible loss of data
     1>c:\users\admin\documents\visual studio 2010\projects\the station\main.cpp(725): warning C4244: 'argument' : conversion from 'double' to 'float', possible loss of data
     1>c:\users\admin\documents\visual studio 2010\projects\the station\main.cpp(725): warning C4244: 'argument' : conversion from 'double' to 'float', possible loss of data
     1>c:\users\admin\documents\visual studio 2010\projects\the station\main.cpp(739): warning C4244: 'argument' : conversion from 'double' to 'int', possible loss of data
     1>c:\users\admin\documents\visual studio 2010\projects\the station\main.cpp(739): warning C4244: 'argument' : conversion from 'double' to 'int', possible loss of data
     1>c:\users\admin\documents\visual studio 2010\projects\the station\main.cpp(758): warning C4244: 'argument' : conversion from 'double' to 'int', possible loss of data
     1>c:\users\admin\documents\visual studio 2010\projects\the station\main.cpp(758): warning C4244: 'argument' : conversion from 'double' to 'int', possible loss of data
     1>c:\users\admin\documents\visual studio 2010\projects\the station\main.cpp(769): warning C4244: 'argument' : conversion from 'double' to 'int', possible loss of data
     1>c:\users\admin\documents\visual studio 2010\projects\the station\main.cpp(769): warning C4244: 'argument' : conversion from 'double' to 'int', possible loss of data
     1>c:\users\admin\documents\visual studio 2010\projects\the station\main.cpp(779): warning C4244: 'argument' : conversion from 'double' to 'int', possible loss of data
     1>c:\users\admin\documents\visual studio 2010\projects\the station\main.cpp(779): warning C4244: 'argument' : conversion from 'double' to 'int', possible loss of data
     1>c:\users\admin\documents\visual studio 2010\projects\the station\main.cpp(790): warning C4244: 'argument' : conversion from 'double' to 'int', possible loss of data
     1>c:\users\admin\documents\visual studio 2010\projects\the station\main.cpp(790): warning C4244: 'argument' : conversion from 'double' to 'int', possible loss of data
     1>c:\users\admin\documents\visual studio 2010\projects\the station\main.cpp(791): warning C4244: 'argument' : conversion from 'double' to 'int', possible loss of data
     1>c:\users\admin\documents\visual studio 2010\projects\the station\main.cpp(791): warning C4244: 'argument' : conversion from 'double' to 'int', possible loss of data
     1>c:\users\admin\documents\visual studio 2010\projects\the station\main.cpp(798): warning C4244: 'argument' : conversion from 'double' to 'float', possible loss of data
     1>c:\users\admin\documents\visual studio 2010\projects\the station\main.cpp(798): warning C4244: 'argument' : conversion from 'double' to 'float', possible loss of data
     1>c:\users\admin\documents\visual studio 2010\projects\the station\main.cpp(802): warning C4244: '=' : conversion from 'double' to 'int', possible loss of data
     1>c:\users\admin\documents\visual studio 2010\projects\the station\main.cpp(809): warning C4244: '=' : conversion from 'double' to 'int', possible loss of data
     1>c:\users\admin\documents\visual studio 2010\projects\the station\main.cpp(841): warning C4244: 'argument' : conversion from 'double' to 'int', possible loss of data
     1>c:\users\admin\documents\visual studio 2010\projects\the station\main.cpp(841): warning C4244: 'argument' : conversion from 'double' to 'int', possible loss of data
     1>c:\users\admin\documents\visual studio 2010\projects\the station\main.cpp(844): warning C4244: 'argument' : conversion from 'double' to 'int', possible loss of data
     1>c:\users\admin\documents\visual studio 2010\projects\the station\main.cpp(845): warning C4244: 'argument' : conversion from 'double' to 'int', possible loss of data
     1>c:\users\admin\documents\visual studio 2010\projects\the station\main.cpp(856): warning C4244: '=' : conversion from 'double' to 'int', possible loss of data
     1>c:\users\admin\documents\visual studio 2010\projects\the station\main.cpp(857): warning C4244: '=' : conversion from 'double' to 'int', possible loss of data
     1>c:\users\admin\documents\visual studio 2010\projects\the station\main.cpp(907): warning C4244: 'argument' : conversion from 'double' to 'int', possible loss of data
     1>c:\users\admin\documents\visual studio 2010\projects\the station\main.cpp(907): warning C4244: 'argument' : conversion from 'double' to 'int', possible loss of data
     1>c:\users\admin\documents\visual studio 2010\projects\the station\main.cpp(920): warning C4244: 'argument' : conversion from 'double' to 'float', possible loss of data
     1>c:\users\admin\documents\visual studio 2010\projects\the station\main.cpp(920): warning C4244: 'argument' : conversion from 'double' to 'float', possible loss of data
     1>c:\users\admin\documents\visual studio 2010\projects\the station\main.cpp(1038): warning C4244: 'argument' : conversion from 'int' to 'float', possible loss of data
     1>c:\users\admin\documents\visual studio 2010\projects\the station\main.cpp(1038): warning C4244: 'argument' : conversion from 'int' to 'float', possible loss of data
     1>c:\users\admin\documents\visual studio 2010\projects\the station\main.cpp(1047): warning C4244: 'argument' : conversion from 'int' to 'float', possible loss of data
     1>c:\users\admin\documents\visual studio 2010\projects\the station\main.cpp(1047): warning C4244: 'argument' : conversion from 'int' to 'float', possible loss of data
     1>c:\users\admin\documents\visual studio 2010\projects\the station\main.cpp(1059): warning C4804: '%' : unsafe use of type 'bool' in operation
     1>c:\users\admin\documents\visual studio 2010\projects\the station\main.cpp(226): warning C4789: destination of memory copy is too small
       ManifestResourceCompile:
         All outputs are up-to-date.
       Link:
         C:\Program Files (x86)\Microsoft Visual Studio 10.0\VC\bin\link.exe /ERRORREPORT:PROMPT /OUT:"c:\users\admin\documents\visual studio 2010\Projects\The Station\Debug\The Station.exe" /INCREMENTAL /NOLOGO /LIBPATH:"D:\DWNLD\SFML-2.1-windows-vc10-32bits\SFML-2.1\lib" "sfml-audio-s-d.lib" "sfml-graphics-s-d.lib" "sfml-window-s-d.lib" "sfml-system-s-d.lib" kernel32.lib user32.lib gdi32.lib winspool.lib comdlg32.lib advapi32.lib shell32.lib ole32.lib oleaut32.lib uuid.lib odbc32.lib odbccp32.lib kernel32.lib user32.lib gdi32.lib winspool.lib comdlg32.lib advapi32.lib shell32.lib ole32.lib oleaut32.lib uuid.lib odbc32.lib odbccp32.lib /MANIFEST /ManifestFile:"Debug\The Station.exe.intermediate.manifest" /MANIFESTUAC:"level='asInvoker' uiAccess='false'" /DEBUG /PDB:"c:\users\admin\documents\visual studio 2010\Projects\The Station\Debug\The Station.pdb" /SUBSYSTEM:WINDOWS /TLBID:1 /DYNAMICBASE /NXCOMPAT /IMPLIB:"c:\users\admin\documents\visual studio 2010\Projects\The Station\Debug\The Station.lib" /MACHINE:X86 "Debug\The Station.exe.embed.manifest.res"
         Debug\item.obj
         Debug\main.obj
         Debug\CMob.obj
         Debug\explosion.obj
         Debug\projectile.obj
         Debug\Room.obj
         Debug\Station.obj
         Debug\tile.obj
         Debug\tiledrop.obj
       Manifest:
         C:\Program Files (x86)\Microsoft SDKs\Windows\v7.0A\bin\mt.exe /nologo /verbose /out:"Debug\The Station.exe.embed.manifest" /manifest "Debug\The Station.exe.intermediate.manifest"
         All outputs are up-to-date.
       LinkEmbedManifest:
         All outputs are up-to-date.
         The Station.vcxproj -> c:\users\admin\documents\visual studio 2010\Projects\The Station\Debug\The Station.exe
       FinalizeBuildStatus:
         Deleting file "Debug\The Station.unsuccessfulbuild".
         Touching "Debug\The Station.lastbuildstate".
     1>Done Building Project "c:\Users\Admin\documents\visual studio 2010\Projects\The Station\The Station\The Station.vcxproj" (build target(s)).

Build succeeded.

Time Elapsed 00:00:06.92
